{
    {
        {
            {
                'wait': 'a minute'
            }
        }
    },
    {
        {
            'it is': 'all recursion'
        }
    },
    {
        {
            {
                {
                    {
                        'always': 'has'
                    }
                }
            }
        }
    },
    {
        'be': 'en'
    },
    {
        {
            {
                'okay': 'maybe'
            }
        }
    },
    {
        'this is': 'a bit too much tryharding'
    }
}
